-------------------------------------------------------------------------------
Test set: com.bolsadeideas.springboot.app.SpringBootDataJpaApplicationTests
-------------------------------------------------------------------------------
Tests run: 1, Failures: 0, Errors: 1, Skipped: 0, Time elapsed: 0.351 s <<< FAILURE! - in com.bolsadeideas.springboot.app.SpringBootDataJpaApplicationTests
initializationError(com.bolsadeideas.springboot.app.SpringBootDataJpaApplicationTests)  Time elapsed: 0.007 s  <<< ERROR!
org.springframework.beans.factory.BeanDefinitionStoreException: Failed to read candidate component class: file [C:\Users\DATABASEF\Desktop\DAVID MOISES BELTRAN\spring-boot-data-jpa\target\test-classes\com\bolsadeideas\springboot\app\SpringBootDataJpaApplicationTests.class]; nested exception is org.springframework.core.NestedIOException: ASM ClassReader failed to parse class file - probably due to a new Java class file version that isn't supported yet: file [C:\Users\DATABASEF\Desktop\DAVID MOISES BELTRAN\spring-boot-data-jpa\target\test-classes\com\bolsadeideas\springboot\app\SpringBootDataJpaApplicationTests.class]; nested exception is java.lang.IllegalArgumentException: Unsupported class file major version 61
Caused by: org.springframework.core.NestedIOException: ASM ClassReader failed to parse class file - probably due to a new Java class file version that isn't supported yet: file [C:\Users\DATABASEF\Desktop\DAVID MOISES BELTRAN\spring-boot-data-jpa\target\test-classes\com\bolsadeideas\springboot\app\SpringBootDataJpaApplicationTests.class]; nested exception is java.lang.IllegalArgumentException: Unsupported class file major version 61
Caused by: java.lang.IllegalArgumentException: Unsupported class file major version 61

